<?xml version="1.0" encoding="UTF-8"?>
<coverage generated="1780791019364" clover="3.2.0">
  <project timestamp="1780791019364" name="All files">
    <metrics statements="68" coveredstatements="64" conditionals="62" coveredconditionals="58" methods="23" coveredmethods="19" elements="153" coveredelements="141" complexity="0" loc="68" ncloc="68" packages="1" files="3" classes="3"/>
    <file name="CAQIRadarChart.tsx" path="/Users/meera/Documents/codescanner/frontend/src/components/CAQIRadarChart.tsx">
      <metrics statements="11" coveredstatements="10" conditionals="6" coveredconditionals="6" methods="3" coveredmethods="2"/>
      <line num="9" count="2" type="stmt"/>
      <line num="19" count="2" type="stmt"/>
      <line num="39" count="2" type="stmt"/>
      <line num="46" count="58" type="stmt"/>
      <line num="56" count="58" type="stmt"/>
      <line num="64" count="58" type="cond" truecount="2" falsecount="0"/>
      <line num="67" count="58" type="cond" truecount="2" falsecount="0"/>
      <line num="69" count="58" type="stmt"/>
      <line num="111" count="0" type="stmt"/>
      <line num="121" count="348" type="stmt"/>
      <line num="141" count="2" type="stmt"/>
    </file>
    <file name="TeamComparison.tsx" path="/Users/meera/Documents/codescanner/frontend/src/components/TeamComparison.tsx">
      <metrics statements="26" coveredstatements="25" conditionals="17" coveredconditionals="16" methods="11" coveredmethods="10"/>
      <line num="8" count="1" type="stmt"/>
      <line num="9" count="1" type="stmt"/>
      <line num="10" count="1" type="stmt"/>
      <line num="38" count="1" type="stmt"/>
      <line num="43" count="21" type="stmt"/>
      <line num="47" count="21" type="cond" truecount="1" falsecount="0"/>
      <line num="48" count="1" type="stmt"/>
      <line num="55" count="20" type="cond" truecount="1" falsecount="0"/>
      <line num="56" count="1" type="stmt"/>
      <line num="63" count="19" type="cond" truecount="3" falsecount="0"/>
      <line num="64" count="1" type="stmt"/>
      <line num="71" count="18" type="stmt"/>
      <line num="79" count="51" type="stmt"/>
      <line num="82" count="1" type="stmt"/>
      <line num="96" count="51" type="stmt"/>
      <line num="98" count="42" type="stmt"/>
      <line num="140" count="51" type="stmt"/>
      <line num="143" count="0" type="stmt"/>
      <line num="181" count="51" type="stmt"/>
      <line num="187" count="51" type="stmt"/>
      <line num="193" count="51" type="stmt"/>
      <line num="207" count="51" type="cond" truecount="0" falsecount="1"/>
      <line num="208" count="51" type="cond" truecount="1" falsecount="0"/>
      <line num="209" count="2" type="cond" truecount="1" falsecount="0"/>
      <line num="210" count="1" type="stmt"/>
      <line num="213" count="1" type="stmt"/>
    </file>
    <file name="TrendTimeline.tsx" path="/Users/meera/Documents/codescanner/frontend/src/components/TrendTimeline.tsx">
      <metrics statements="31" coveredstatements="29" conditionals="39" coveredconditionals="36" methods="9" coveredmethods="7"/>
      <line num="9" count="1" type="stmt"/>
      <line num="20" count="1" type="stmt"/>
      <line num="44" count="1" type="stmt"/>
      <line num="52" count="26" type="cond" truecount="1" falsecount="0"/>
      <line num="53" count="1" type="stmt"/>
      <line num="60" count="25" type="cond" truecount="1" falsecount="0"/>
      <line num="61" count="1" type="stmt"/>
      <line num="68" count="24" type="cond" truecount="3" falsecount="0"/>
      <line num="69" count="1" type="stmt"/>
      <line num="77" count="23" type="stmt"/>
      <line num="80" count="74" type="stmt"/>
      <line num="88" count="23" type="cond" truecount="2" falsecount="0"/>
      <line num="95" count="23" type="cond" truecount="1" falsecount="1"/>
      <line num="96" count="23" type="cond" truecount="2" falsecount="0"/>
      <line num="97" count="23" type="stmt"/>
      <line num="99" count="23" type="stmt"/>
      <line num="151" count="0" type="stmt"/>
      <line num="152" count="0" type="stmt"/>
      <line num="175" count="74" type="stmt"/>
      <line num="203" count="74" type="stmt"/>
      <line num="209" count="74" type="stmt"/>
      <line num="229" count="74" type="cond" truecount="1" falsecount="0"/>
      <line num="230" count="70" type="cond" truecount="1" falsecount="0"/>
      <line num="231" count="8" type="cond" truecount="1" falsecount="0"/>
      <line num="232" count="2" type="stmt"/>
      <line num="240" count="23" type="cond" truecount="2" falsecount="0"/>
      <line num="241" count="2" type="stmt"/>
      <line num="243" count="21" type="cond" truecount="2" falsecount="0"/>
      <line num="244" count="2" type="stmt"/>
      <line num="247" count="19" type="stmt"/>
      <line num="252" count="1" type="stmt"/>
    </file>
  </project>
</coverage>
