{"/Users/meera/Documents/codescanner/frontend/src/components/CAQIRadarChart.tsx": {"path":"/Users/meera/Documents/codescanner/frontend/src/components/CAQIRadarChart.tsx","statementMap":{"0":{"start":{"line":9,"column":0},"end":{"line":9,"column":null}},"1":{"start":{"line":19,"column":0},"end":{"line":19,"column":30}},"2":{"start":{"line":39,"column":61},"end":{"line":139,"column":1}},"3":{"start":{"line":46,"column":20},"end":{"line":53,"column":4}},"4":{"start":{"line":56,"column":50},"end":{"line":62,"column":4}},"5":{"start":{"line":64,"column":16},"end":{"line":64,"column":55}},"6":{"start":{"line":67,"column":21},"end":{"line":67,"column":130}},"7":{"start":{"line":69,"column":2},"end":{"line":138,"column":4}},"8":{"start":{"line":111,"column":36},"end":{"line":111,"column":50}},"9":{"start":{"line":121,"column":12},"end":{"line":121,"column":38}},"10":{"start":{"line":39,"column":13},"end":{"line":39,"column":61}},"11":{"start":{"line":141,"column":0},"end":{"line":141,"column":30}}},"fnMap":{"0":{"name":"(anonymous_0)","decl":{"start":{"line":39,"column":61},"end":{"line":39,"column":62}},"loc":{"start":{"line":44,"column":5},"end":{"line":139,"column":1}}},"1":{"name":"(anonymous_1)","decl":{"start":{"line":111,"column":25},"end":{"line":111,"column":26}},"loc":{"start":{"line":111,"column":36},"end":{"line":111,"column":50}}},"2":{"name":"(anonymous_2)","decl":{"start":{"line":120,"column":25},"end":{"line":120,"column":26}},"loc":{"start":{"line":121,"column":12},"end":{"line":121,"column":38}}}},"branchMap":{"0":{"loc":{"start":{"line":64,"column":16},"end":{"line":64,"column":55}},"type":"binary-expr","locations":[{"start":{"line":64,"column":16},"end":{"line":64,"column":42}},{"start":{"line":64,"column":46},"end":{"line":64,"column":55}}]},"1":{"loc":{"start":{"line":67,"column":94},"end":{"line":67,"column":124}},"type":"binary-expr","locations":[{"start":{"line":67,"column":94},"end":{"line":67,"column":105}},{"start":{"line":67,"column":109},"end":{"line":67,"column":124}}]},"2":{"loc":{"start":{"line":76,"column":9},"end":{"line":80,"column":null}},"type":"binary-expr","locations":[{"start":{"line":76,"column":9},"end":{"line":76,"column":34}},{"start":{"line":77,"column":10},"end":{"line":79,"column":null}}]}},"s":{"0":2,"1":2,"2":2,"3":58,"4":58,"5":58,"6":58,"7":58,"8":0,"9":348,"10":2,"11":2},"f":{"0":58,"1":0,"2":348},"b":{"0":[58,1],"1":[58,15],"2":[58,43]}}
,"/Users/meera/Documents/codescanner/frontend/src/components/TeamComparison.tsx": {"path":"/Users/meera/Documents/codescanner/frontend/src/components/TeamComparison.tsx","statementMap":{"0":{"start":{"line":8,"column":0},"end":{"line":8,"column":40}},"1":{"start":{"line":9,"column":0},"end":{"line":9,"column":46}},"2":{"start":{"line":10,"column":0},"end":{"line":10,"column":30}},"3":{"start":{"line":38,"column":61},"end":{"line":203,"column":1}},"4":{"start":{"line":43,"column":42},"end":{"line":44,"column":null}},"5":{"start":{"line":47,"column":2},"end":{"line":53,"column":3}},"6":{"start":{"line":48,"column":4},"end":{"line":52,"column":6}},"7":{"start":{"line":55,"column":2},"end":{"line":61,"column":3}},"8":{"start":{"line":56,"column":4},"end":{"line":60,"column":6}},"9":{"start":{"line":63,"column":2},"end":{"line":69,"column":3}},"10":{"start":{"line":64,"column":4},"end":{"line":68,"column":6}},"11":{"start":{"line":71,"column":2},"end":{"line":202,"column":4}},"12":{"start":{"line":79,"column":12},"end":{"line":80,"column":null}},"13":{"start":{"line":82,"column":29},"end":{"line":82,"column":58}},"14":{"start":{"line":96,"column":32},"end":{"line":96,"column":61}},"15":{"start":{"line":98,"column":16},"end":{"line":98,"column":null}},"16":{"start":{"line":140,"column":16},"end":{"line":141,"column":null}},"17":{"start":{"line":143,"column":33},"end":{"line":143,"column":62}},"18":{"start":{"line":181,"column":49},"end":{"line":181,"column":69}},"19":{"start":{"line":187,"column":42},"end":{"line":187,"column":56}},"20":{"start":{"line":193,"column":38},"end":{"line":193,"column":58}},"21":{"start":{"line":38,"column":13},"end":{"line":38,"column":61}},"22":{"start":{"line":207,"column":2},"end":{"line":207,"column":38}},"23":{"start":{"line":207,"column":19},"end":{"line":207,"column":38}},"24":{"start":{"line":208,"column":2},"end":{"line":208,"column":33}},"25":{"start":{"line":208,"column":19},"end":{"line":208,"column":33}},"26":{"start":{"line":209,"column":2},"end":{"line":209,"column":33}},"27":{"start":{"line":209,"column":19},"end":{"line":209,"column":33}},"28":{"start":{"line":210,"column":2},"end":{"line":210,"column":16}},"29":{"start":{"line":213,"column":0},"end":{"line":213,"column":30}}},"fnMap":{"0":{"name":"(anonymous_1)","decl":{"start":{"line":38,"column":61},"end":{"line":38,"column":62}},"loc":{"start":{"line":42,"column":5},"end":{"line":203,"column":1}}},"1":{"name":"(anonymous_2)","decl":{"start":{"line":78,"column":21},"end":{"line":78,"column":22}},"loc":{"start":{"line":79,"column":12},"end":{"line":80,"column":null}}},"2":{"name":"(anonymous_3)","decl":{"start":{"line":82,"column":23},"end":{"line":82,"column":26}},"loc":{"start":{"line":82,"column":29},"end":{"line":82,"column":58}}},"3":{"name":"(anonymous_4)","decl":{"start":{"line":96,"column":22},"end":{"line":96,"column":23}},"loc":{"start":{"line":96,"column":32},"end":{"line":96,"column":61}}},"4":{"name":"(anonymous_5)","decl":{"start":{"line":97,"column":19},"end":{"line":97,"column":20}},"loc":{"start":{"line":98,"column":16},"end":{"line":98,"column":null}}},"5":{"name":"(anonymous_6)","decl":{"start":{"line":139,"column":25},"end":{"line":139,"column":26}},"loc":{"start":{"line":140,"column":16},"end":{"line":141,"column":null}}},"6":{"name":"(anonymous_7)","decl":{"start":{"line":143,"column":27},"end":{"line":143,"column":30}},"loc":{"start":{"line":143,"column":33},"end":{"line":143,"column":62}}},"7":{"name":"(anonymous_8)","decl":{"start":{"line":181,"column":37},"end":{"line":181,"column":38}},"loc":{"start":{"line":181,"column":49},"end":{"line":181,"column":69}}},"8":{"name":"(anonymous_9)","decl":{"start":{"line":187,"column":35},"end":{"line":187,"column":36}},"loc":{"start":{"line":187,"column":42},"end":{"line":187,"column":56}}},"9":{"name":"(anonymous_10)","decl":{"start":{"line":193,"column":26},"end":{"line":193,"column":27}},"loc":{"start":{"line":193,"column":38},"end":{"line":193,"column":58}}},"10":{"name":"getCAQILevel","decl":{"start":{"line":206,"column":9},"end":{"line":206,"column":21}},"loc":{"start":{"line":206,"column":34},"end":{"line":211,"column":1}}}},"branchMap":{"0":{"loc":{"start":{"line":40,"column":2},"end":{"line":40,"column":17}},"type":"default-arg","locations":[{"start":{"line":40,"column":12},"end":{"line":40,"column":17}}]},"1":{"loc":{"start":{"line":44,"column":4},"end":{"line":44,"column":46}},"type":"cond-expr","locations":[{"start":{"line":44,"column":23},"end":{"line":44,"column":39}},{"start":{"line":44,"column":42},"end":{"line":44,"column":46}}]},"2":{"loc":{"start":{"line":47,"column":2},"end":{"line":53,"column":3}},"type":"if","locations":[{"start":{"line":47,"column":2},"end":{"line":53,"column":3}}]},"3":{"loc":{"start":{"line":55,"column":2},"end":{"line":61,"column":3}},"type":"if","locations":[{"start":{"line":55,"column":2},"end":{"line":61,"column":3}}]},"4":{"loc":{"start":{"line":63,"column":2},"end":{"line":69,"column":3}},"type":"if","locations":[{"start":{"line":63,"column":2},"end":{"line":69,"column":3}}]},"5":{"loc":{"start":{"line":63,"column":6},"end":{"line":63,"column":34}},"type":"binary-expr","locations":[{"start":{"line":63,"column":6},"end":{"line":63,"column":12}},{"start":{"line":63,"column":16},"end":{"line":63,"column":34}}]},"6":{"loc":{"start":{"line":81,"column":38},"end":{"line":81,"column":83}},"type":"cond-expr","locations":[{"start":{"line":81,"column":70},"end":{"line":81,"column":78}},{"start":{"line":81,"column":81},"end":{"line":81,"column":83}}]},"7":{"loc":{"start":{"line":93,"column":9},"end":{"line":119,"column":null}},"type":"binary-expr","locations":[{"start":{"line":93,"column":9},"end":{"line":93,"column":21}},{"start":{"line":94,"column":10},"end":{"line":118,"column":null}}]},"8":{"loc":{"start":{"line":142,"column":41},"end":{"line":142,"column":86}},"type":"cond-expr","locations":[{"start":{"line":142,"column":73},"end":{"line":142,"column":81}},{"start":{"line":142,"column":84},"end":{"line":142,"column":86}}]},"9":{"loc":{"start":{"line":207,"column":2},"end":{"line":207,"column":38}},"type":"if","locations":[{"start":{"line":207,"column":2},"end":{"line":207,"column":38}}]},"10":{"loc":{"start":{"line":208,"column":2},"end":{"line":208,"column":33}},"type":"if","locations":[{"start":{"line":208,"column":2},"end":{"line":208,"column":33}}]},"11":{"loc":{"start":{"line":209,"column":2},"end":{"line":209,"column":33}},"type":"if","locations":[{"start":{"line":209,"column":2},"end":{"line":209,"column":33}}]}},"s":{"0":1,"1":1,"2":1,"3":1,"4":21,"5":21,"6":1,"7":20,"8":1,"9":19,"10":1,"11":18,"12":51,"13":1,"14":51,"15":42,"16":51,"17":0,"18":51,"19":51,"20":51,"21":1,"22":51,"23":0,"24":51,"25":49,"26":2,"27":1,"28":1,"29":1},"f":{"0":21,"1":51,"2":1,"3":51,"4":42,"5":51,"6":0,"7":51,"8":51,"9":51,"10":51},"b":{"0":[20],"1":[18,3],"2":[1],"3":[1],"4":[1],"5":[19,19],"6":[42,9],"7":[18,18],"8":[42,9],"9":[0],"10":[49],"11":[1]}}
,"/Users/meera/Documents/codescanner/frontend/src/components/TrendTimeline.tsx": {"path":"/Users/meera/Documents/codescanner/frontend/src/components/TrendTimeline.tsx","statementMap":{"0":{"start":{"line":9,"column":0},"end":{"line":9,"column":null}},"1":{"start":{"line":20,"column":0},"end":{"line":20,"column":29}},"2":{"start":{"line":44,"column":59},"end":{"line":226,"column":1}},"3":{"start":{"line":52,"column":2},"end":{"line":58,"column":3}},"4":{"start":{"line":53,"column":4},"end":{"line":57,"column":6}},"5":{"start":{"line":60,"column":2},"end":{"line":66,"column":3}},"6":{"start":{"line":61,"column":4},"end":{"line":65,"column":6}},"7":{"start":{"line":68,"column":2},"end":{"line":74,"column":3}},"8":{"start":{"line":69,"column":4},"end":{"line":73,"column":6}},"9":{"start":{"line":77,"column":22},"end":{"line":77,"column":37}},"10":{"start":{"line":80,"column":20},"end":{"line":84,"column":5}},"11":{"start":{"line":80,"column":48},"end":{"line":84,"column":4}},"12":{"start":{"line":88,"column":4},"end":{"line":92,"column":19}},"13":{"start":{"line":95,"column":23},"end":{"line":95,"column":69}},"14":{"start":{"line":96,"column":24},"end":{"line":96,"column":49}},"15":{"start":{"line":97,"column":21},"end":{"line":97,"column":143}},"16":{"start":{"line":99,"column":2},"end":{"line":225,"column":4}},"17":{"start":{"line":151,"column":34},"end":{"line":151,"column":61}},"18":{"start":{"line":152,"column":39},"end":{"line":152,"column":56}},"19":{"start":{"line":175,"column":12},"end":{"line":175,"column":29}},"20":{"start":{"line":203,"column":50},"end":{"line":203,"column":56}},"21":{"start":{"line":209,"column":50},"end":{"line":209,"column":56}},"22":{"start":{"line":44,"column":13},"end":{"line":44,"column":59}},"23":{"start":{"line":229,"column":2},"end":{"line":229,"column":38}},"24":{"start":{"line":229,"column":19},"end":{"line":229,"column":38}},"25":{"start":{"line":230,"column":2},"end":{"line":230,"column":33}},"26":{"start":{"line":230,"column":19},"end":{"line":230,"column":33}},"27":{"start":{"line":231,"column":2},"end":{"line":231,"column":33}},"28":{"start":{"line":231,"column":19},"end":{"line":231,"column":33}},"29":{"start":{"line":232,"column":2},"end":{"line":232,"column":16}},"30":{"start":{"line":240,"column":2},"end":{"line":249,"column":3}},"31":{"start":{"line":241,"column":4},"end":{"line":242,"column":112}},"32":{"start":{"line":243,"column":9},"end":{"line":249,"column":3}},"33":{"start":{"line":244,"column":4},"end":{"line":245,"column":130}},"34":{"start":{"line":247,"column":4},"end":{"line":248,"column":144}},"35":{"start":{"line":252,"column":0},"end":{"line":252,"column":29}}},"fnMap":{"0":{"name":"(anonymous_0)","decl":{"start":{"line":44,"column":59},"end":{"line":44,"column":60}},"loc":{"start":{"line":51,"column":5},"end":{"line":226,"column":1}}},"1":{"name":"(anonymous_1)","decl":{"start":{"line":80,"column":36},"end":{"line":80,"column":37}},"loc":{"start":{"line":80,"column":48},"end":{"line":84,"column":4}}},"2":{"name":"(anonymous_2)","decl":{"start":{"line":151,"column":23},"end":{"line":151,"column":24}},"loc":{"start":{"line":151,"column":34},"end":{"line":151,"column":61}}},"3":{"name":"(anonymous_3)","decl":{"start":{"line":152,"column":28},"end":{"line":152,"column":29}},"loc":{"start":{"line":152,"column":39},"end":{"line":152,"column":56}}},"4":{"name":"(anonymous_4)","decl":{"start":{"line":174,"column":27},"end":{"line":174,"column":28}},"loc":{"start":{"line":175,"column":12},"end":{"line":175,"column":29}}},"5":{"name":"(anonymous_5)","decl":{"start":{"line":203,"column":43},"end":{"line":203,"column":44}},"loc":{"start":{"line":203,"column":50},"end":{"line":203,"column":56}}},"6":{"name":"(anonymous_6)","decl":{"start":{"line":209,"column":43},"end":{"line":209,"column":44}},"loc":{"start":{"line":209,"column":50},"end":{"line":209,"column":56}}},"7":{"name":"getCAQILevel","decl":{"start":{"line":228,"column":9},"end":{"line":228,"column":21}},"loc":{"start":{"line":228,"column":34},"end":{"line":233,"column":1}}},"8":{"name":"getTrendInterpretation","decl":{"start":{"line":235,"column":9},"end":{"line":235,"column":31}},"loc":{"start":{"line":238,"column":26},"end":{"line":250,"column":1}}}},"branchMap":{"0":{"loc":{"start":{"line":47,"column":2},"end":{"line":47,"column":27}},"type":"default-arg","locations":[{"start":{"line":47,"column":19},"end":{"line":47,"column":27}}]},"1":{"loc":{"start":{"line":48,"column":2},"end":{"line":48,"column":19}},"type":"default-arg","locations":[{"start":{"line":48,"column":18},"end":{"line":48,"column":19}}]},"2":{"loc":{"start":{"line":49,"column":2},"end":{"line":49,"column":17}},"type":"default-arg","locations":[{"start":{"line":49,"column":12},"end":{"line":49,"column":17}}]},"3":{"loc":{"start":{"line":52,"column":2},"end":{"line":58,"column":3}},"type":"if","locations":[{"start":{"line":52,"column":2},"end":{"line":58,"column":3}}]},"4":{"loc":{"start":{"line":60,"column":2},"end":{"line":66,"column":3}},"type":"if","locations":[{"start":{"line":60,"column":2},"end":{"line":66,"column":3}}]},"5":{"loc":{"start":{"line":68,"column":2},"end":{"line":74,"column":3}},"type":"if","locations":[{"start":{"line":68,"column":2},"end":{"line":74,"column":3}}]},"6":{"loc":{"start":{"line":68,"column":6},"end":{"line":68,"column":32}},"type":"binary-expr","locations":[{"start":{"line":68,"column":6},"end":{"line":68,"column":11}},{"start":{"line":68,"column":15},"end":{"line":68,"column":32}}]},"7":{"loc":{"start":{"line":88,"column":4},"end":{"line":92,"column":19}},"type":"cond-expr","locations":[{"start":{"line":89,"column":8},"end":{"line":89,"column":17}},{"start":{"line":90,"column":8},"end":{"line":92,"column":19}}]},"8":{"loc":{"start":{"line":90,"column":8},"end":{"line":92,"column":19}},"type":"cond-expr","locations":[{"start":{"line":91,"column":10},"end":{"line":91,"column":19}},{"start":{"line":92,"column":10},"end":{"line":92,"column":19}}]},"9":{"loc":{"start":{"line":95,"column":23},"end":{"line":95,"column":69}},"type":"binary-expr","locations":[{"start":{"line":95,"column":23},"end":{"line":95,"column":64}},{"start":{"line":95,"column":68},"end":{"line":95,"column":69}}]},"10":{"loc":{"start":{"line":96,"column":24},"end":{"line":96,"column":49}},"type":"binary-expr","locations":[{"start":{"line":96,"column":24},"end":{"line":96,"column":44}},{"start":{"line":96,"column":48},"end":{"line":96,"column":49}}]},"11":{"loc":{"start":{"line":106,"column":15},"end":{"line":110,"column":23}},"type":"cond-expr","locations":[{"start":{"line":107,"column":18},"end":{"line":107,"column":21}},{"start":{"line":108,"column":18},"end":{"line":110,"column":23}}]},"12":{"loc":{"start":{"line":108,"column":18},"end":{"line":110,"column":23}},"type":"cond-expr","locations":[{"start":{"line":109,"column":20},"end":{"line":109,"column":23}},{"start":{"line":110,"column":20},"end":{"line":110,"column":23}}]},"13":{"loc":{"start":{"line":113,"column":15},"end":{"line":117,"column":28}},"type":"cond-expr","locations":[{"start":{"line":114,"column":18},"end":{"line":114,"column":29}},{"start":{"line":115,"column":18},"end":{"line":117,"column":28}}]},"14":{"loc":{"start":{"line":115,"column":18},"end":{"line":117,"column":28}},"type":"cond-expr","locations":[{"start":{"line":116,"column":20},"end":{"line":116,"column":31}},{"start":{"line":117,"column":20},"end":{"line":117,"column":28}}]},"15":{"loc":{"start":{"line":122,"column":15},"end":{"line":122,"column":43}},"type":"cond-expr","locations":[{"start":{"line":122,"column":35},"end":{"line":122,"column":38}},{"start":{"line":122,"column":41},"end":{"line":122,"column":43}}]},"16":{"loc":{"start":{"line":194,"column":45},"end":{"line":194,"column":70}},"type":"binary-expr","locations":[{"start":{"line":194,"column":45},"end":{"line":194,"column":65}},{"start":{"line":194,"column":69},"end":{"line":194,"column":70}}]},"17":{"loc":{"start":{"line":198,"column":45},"end":{"line":198,"column":91}},"type":"binary-expr","locations":[{"start":{"line":198,"column":45},"end":{"line":198,"column":86}},{"start":{"line":198,"column":90},"end":{"line":198,"column":91}}]},"18":{"loc":{"start":{"line":220,"column":12},"end":{"line":220,"column":64}},"type":"binary-expr","locations":[{"start":{"line":220,"column":12},"end":{"line":220,"column":58}},{"start":{"line":220,"column":62},"end":{"line":220,"column":64}}]},"19":{"loc":{"start":{"line":229,"column":2},"end":{"line":229,"column":38}},"type":"if","locations":[{"start":{"line":229,"column":2},"end":{"line":229,"column":38}}]},"20":{"loc":{"start":{"line":230,"column":2},"end":{"line":230,"column":33}},"type":"if","locations":[{"start":{"line":230,"column":2},"end":{"line":230,"column":33}}]},"21":{"loc":{"start":{"line":231,"column":2},"end":{"line":231,"column":33}},"type":"if","locations":[{"start":{"line":231,"column":2},"end":{"line":231,"column":33}}]},"22":{"loc":{"start":{"line":240,"column":2},"end":{"line":249,"column":3}},"type":"if","locations":[{"start":{"line":240,"column":2},"end":{"line":249,"column":3}},{"start":{"line":243,"column":9},"end":{"line":249,"column":3}}]},"23":{"loc":{"start":{"line":243,"column":9},"end":{"line":249,"column":3}},"type":"if","locations":[{"start":{"line":243,"column":9},"end":{"line":249,"column":3}},{"start":{"line":246,"column":9},"end":{"line":249,"column":3}}]}},"s":{"0":1,"1":1,"2":1,"3":26,"4":1,"5":25,"6":1,"7":24,"8":1,"9":23,"10":23,"11":74,"12":23,"13":23,"14":23,"15":23,"16":23,"17":0,"18":0,"19":74,"20":74,"21":74,"22":1,"23":74,"24":4,"25":70,"26":62,"27":8,"28":6,"29":2,"30":23,"31":2,"32":21,"33":2,"34":19,"35":1},"f":{"0":26,"1":74,"2":0,"3":0,"4":74,"5":74,"6":74,"7":74,"8":23},"b":{"0":[21],"1":[20],"2":[25],"3":[1],"4":[1],"5":[1],"6":[24,24],"7":[2,21],"8":[2,19],"9":[23,0],"10":[23,1],"11":[2,21],"12":[2,19],"13":[2,21],"14":[2,19],"15":[3,20],"16":[23,1],"17":[23,0],"18":[23,0],"19":[4],"20":[62],"21":[6],"22":[2,21],"23":[2,19]}}
}
