TN:
SF:src/components/CAQIRadarChart.tsx
FN:39,(anonymous_0)
FN:111,(anonymous_1)
FN:120,(anonymous_2)
FNF:3
FNH:2
FNDA:58,(anonymous_0)
FNDA:0,(anonymous_1)
FNDA:348,(anonymous_2)
DA:9,2
DA:19,2
DA:39,2
DA:46,58
DA:56,58
DA:64,58
DA:67,58
DA:69,58
DA:111,0
DA:121,348
DA:141,2
LF:11
LH:10
BRDA:64,0,0,58
BRDA:64,0,1,1
BRDA:67,1,0,58
BRDA:67,1,1,15
BRDA:76,2,0,58
BRDA:76,2,1,43
BRF:6
BRH:6
end_of_record
TN:
SF:src/components/TeamComparison.tsx
FN:38,(anonymous_1)
FN:78,(anonymous_2)
FN:82,(anonymous_3)
FN:96,(anonymous_4)
FN:97,(anonymous_5)
FN:139,(anonymous_6)
FN:143,(anonymous_7)
FN:181,(anonymous_8)
FN:187,(anonymous_9)
FN:193,(anonymous_10)
FN:206,getCAQILevel
FNF:11
FNH:10
FNDA:21,(anonymous_1)
FNDA:51,(anonymous_2)
FNDA:1,(anonymous_3)
FNDA:51,(anonymous_4)
FNDA:42,(anonymous_5)
FNDA:51,(anonymous_6)
FNDA:0,(anonymous_7)
FNDA:51,(anonymous_8)
FNDA:51,(anonymous_9)
FNDA:51,(anonymous_10)
FNDA:51,getCAQILevel
DA:8,1
DA:9,1
DA:10,1
DA:38,1
DA:43,21
DA:47,21
DA:48,1
DA:55,20
DA:56,1
DA:63,19
DA:64,1
DA:71,18
DA:79,51
DA:82,1
DA:96,51
DA:98,42
DA:140,51
DA:143,0
DA:181,51
DA:187,51
DA:193,51
DA:207,51
DA:208,51
DA:209,2
DA:210,1
DA:213,1
LF:26
LH:25
BRDA:40,0,0,20
BRDA:44,1,0,18
BRDA:44,1,1,3
BRDA:47,2,0,1
BRDA:55,3,0,1
BRDA:63,4,0,1
BRDA:63,5,0,19
BRDA:63,5,1,19
BRDA:81,6,0,42
BRDA:81,6,1,9
BRDA:93,7,0,18
BRDA:93,7,1,18
BRDA:142,8,0,42
BRDA:142,8,1,9
BRDA:207,9,0,0
BRDA:208,10,0,49
BRDA:209,11,0,1
BRF:17
BRH:16
end_of_record
TN:
SF:src/components/TrendTimeline.tsx
FN:44,(anonymous_0)
FN:80,(anonymous_1)
FN:151,(anonymous_2)
FN:152,(anonymous_3)
FN:174,(anonymous_4)
FN:203,(anonymous_5)
FN:209,(anonymous_6)
FN:228,getCAQILevel
FN:235,getTrendInterpretation
FNF:9
FNH:7
FNDA:26,(anonymous_0)
FNDA:74,(anonymous_1)
FNDA:0,(anonymous_2)
FNDA:0,(anonymous_3)
FNDA:74,(anonymous_4)
FNDA:74,(anonymous_5)
FNDA:74,(anonymous_6)
FNDA:74,getCAQILevel
FNDA:23,getTrendInterpretation
DA:9,1
DA:20,1
DA:44,1
DA:52,26
DA:53,1
DA:60,25
DA:61,1
DA:68,24
DA:69,1
DA:77,23
DA:80,74
DA:88,23
DA:95,23
DA:96,23
DA:97,23
DA:99,23
DA:151,0
DA:152,0
DA:175,74
DA:203,74
DA:209,74
DA:229,74
DA:230,70
DA:231,8
DA:232,2
DA:240,23
DA:241,2
DA:243,21
DA:244,2
DA:247,19
DA:252,1
LF:31
LH:29
BRDA:47,0,0,21
BRDA:48,1,0,20
BRDA:49,2,0,25
BRDA:52,3,0,1
BRDA:60,4,0,1
BRDA:68,5,0,1
BRDA:68,6,0,24
BRDA:68,6,1,24
BRDA:88,7,0,2
BRDA:88,7,1,21
BRDA:90,8,0,2
BRDA:90,8,1,19
BRDA:95,9,0,23
BRDA:95,9,1,0
BRDA:96,10,0,23
BRDA:96,10,1,1
BRDA:106,11,0,2
BRDA:106,11,1,21
BRDA:108,12,0,2
BRDA:108,12,1,19
BRDA:113,13,0,2
BRDA:113,13,1,21
BRDA:115,14,0,2
BRDA:115,14,1,19
BRDA:122,15,0,3
BRDA:122,15,1,20
BRDA:194,16,0,23
BRDA:194,16,1,1
BRDA:198,17,0,23
BRDA:198,17,1,0
BRDA:220,18,0,23
BRDA:220,18,1,0
BRDA:229,19,0,4
BRDA:230,20,0,62
BRDA:231,21,0,6
BRDA:240,22,0,2
BRDA:240,22,1,21
BRDA:243,23,0,2
BRDA:243,23,1,19
BRF:39
BRH:36
end_of_record
